<?xml version="1.0" encoding="UTF-8"?>
<!-- Generated by org.testng.reporters.JUnitReportReporter -->
<testsuite hostname="qqsplekltp0242" failures="0" tests="1" name="streams.streams" time="0.011" errors="0" timestamp="2022-07-14T16:55:50 IST" skipped="0">
  <testcase classname="streams.streams" name="StreamCollect" time="0.011"/>
  <system-out/>
</testsuite> <!-- streams.streams -->
