<?xml version="1.0" encoding="UTF-8"?>
<!-- Generated by org.testng.reporters.JUnitReportReporter -->
<testsuite hostname="earth" failures="0" tests="1" name="Cucumber.TestNGTestRunner" time="8.345" errors="0" timestamp="2022-11-01T22:46:25 IST" skipped="0">
  <testcase classname="Cucumber.TestNGTestRunner" name="runScenario" time="8.345"/>
  <system-out/>
</testsuite> <!-- Cucumber.TestNGTestRunner -->
