<?xml version="1.0" encoding="UTF-8"?>
<!-- Generated by org.testng.reporters.JUnitReportReporter -->
<testsuite hostname="earth" failures="0" tests="3" name="NewFramework.tests.SubmitOrderTest" time="28.719" errors="0" timestamp="2022-10-29T18:34:39 IST" skipped="0">
  <testcase classname="NewFramework.tests.SubmitOrderTest" name="submitOrder" time="6.621"/>
  <system-out/>
  <testcase classname="NewFramework.tests.SubmitOrderTest" name="OrderHistorytest" time="6.643"/>
  <system-out/>
  <testcase classname="NewFramework.tests.SubmitOrderTest" name="submitOrder" time="15.455"/>
  <system-out/>
</testsuite> <!-- NewFramework.tests.SubmitOrderTest -->
